<?xml version="1.0" encoding="UTF-8"?>
<!-- Generated by org.testng.reporters.JUnitReportReporter -->
<testsuite name="testcases.TC001_PayPalLogin" tests="2" time="36.370" ignored="0" failures="0" timestamp="26 May 2018 16:22:20 GMT" skipped="0" hostname="GAYATRI-PC" errors="0">
  <testcase name="payPalLogin" time="17.752" classname="testcases.TC001_PayPalLogin"/>
  <testcase name="payPalLogin" time="18.618" classname="testcases.TC001_PayPalLogin"/>
</testsuite> <!-- testcases.TC001_PayPalLogin -->
